<?xml version="1.0" encoding="UTF-8"?>
<!-- Generated by org.testng.reporters.JUnitXMLReporter -->
<testsuite ignored="3" hostname="LAPTOP-6NVEMP0C" failures="1" tests="13" name="ValidAccount" time="608.786" errors="0" timestamp="28 jul. 2022 22:36:52 GMT">
  <testcase classname="tests.CreateAccountTest" name="invalidAccount" time="43.356"/>
  <testcase classname="tests.CreateAccountTest" name="invalidAccount" time="43.446"/>
  <testcase classname="tests.CreateAccountTest" name="invalidAccount" time="48.837"/>
  <testcase classname="tests.CreateAccountTest" name="invalidAccount" time="48.159"/>
  <testcase classname="tests.CreateAccountTest" name="invalidAccount" time="45.416"/>
  <testcase classname="tests.CreateAccountTest" name="invalidAccount" time="49.938"/>
  <testcase classname="tests.CreateAccountTest" name="invalidAccount" time="50.454"/>
  <testcase classname="tests.CreateAccountTest" name="invalidAccount" time="50.57"/>
  <testcase classname="tests.CreateAccountTest" name="invalidAccount" time="64.521"/>
  <testcase classname="tests.CreateAccountTest" name="invalidAccount" time="49.453"/>
  <testcase classname="tests.CreateAccountTest" name="invalidAccount" time="45.445"/>
  <testcase classname="tests.CreateAccountTest" name="invalidAccount" time="40.724"/>
  <testcase classname="tests.CreateAccountTest" name="invalidAccount" time="16.261">
    <failure type="java.lang.AssertionError" message="expected [false] but found [true]">
      <![CDATA[java.lang.AssertionError: expected [false] but found [true]
	at tests.CreateAccountTest.invalidAccount(CreateAccountTest.java:130)
... Removed 29 stack frames]]>
    </failure>
  </testcase> <!-- invalidAccount -->
  <testcase classname="tests.CreateAccountTest" name="existAccountWithMail" time="0.0">
    <ignored/>
  </testcase> <!-- existAccountWithMail -->
  <testcase classname="tests.CreateAccountTest" name="invalidEmail" time="0.0">
    <ignored/>
  </testcase> <!-- invalidEmail -->
  <testcase classname="tests.CreateAccountTest" name="validAccount" time="0.0">
    <ignored/>
  </testcase> <!-- validAccount -->
</testsuite> <!-- ValidAccount -->
