<?xml version="1.0" encoding="UTF-8"?>
<!-- Generated by org.testng.reporters.JUnitXMLReporter -->
<testsuite ignored="0" hostname="LAPTOP-6NVEMP0C" failures="0" tests="8" name="Test" time="52.144" errors="0" timestamp="22 jul. 2022 14:36:43 GMT">
  <testcase classname="tests.SignInTest" name="signInAuthenticationFailed" time="3.569"/>
  <testcase classname="tests.SignInTest" name="signInContraseniaInvalida" time="3.01"/>
  <testcase classname="tests.SignInTest" name="signInContraseniaInvalida" time="6.467"/>
  <testcase classname="tests.SignInTest" name="signInContraseniaInvalida" time="8.727"/>
  <testcase classname="tests.SignInTest" name="signInEmailInvalido" time="0.637"/>
  <testcase classname="tests.SignInTest" name="signInEmailInvalido" time="0.881"/>
  <testcase classname="tests.SignInTest" name="signInEmailInvalido" time="0.784"/>
  <testcase classname="tests.SignInTest" name="signInValido" time="4.713"/>
</testsuite> <!-- Test -->
