<?xml version="1.0" encoding="UTF-8"?>
<!-- Generated by org.testng.reporters.JUnitXMLReporter -->
<testsuite ignored="3" hostname="LAPTOP-6NVEMP0C" failures="0" tests="1" name="InvalidEmail" time="34.426" errors="0" timestamp="28 jul. 2022 21:39:12 GMT">
  <testcase classname="tests.CreateAccountTest" name="invalidEmail" time="27.494"/>
  <testcase classname="tests.CreateAccountTest" name="existAccountWithMail" time="0.0">
    <ignored/>
  </testcase> <!-- existAccountWithMail -->
  <testcase classname="tests.CreateAccountTest" name="invalidAccount" time="0.0">
    <ignored/>
  </testcase> <!-- invalidAccount -->
  <testcase classname="tests.CreateAccountTest" name="validAccount" time="0.0">
    <ignored/>
  </testcase> <!-- validAccount -->
</testsuite> <!-- InvalidEmail -->
